<?xml version="1.0" encoding="utf-8"?><testsuites><testsuite name="pytest" errors="0" failures="0" skipped="0" tests="4" time="130.783" timestamp="2025-11-08T17:30:10.316549" hostname="DESKTOP-VCS8GTP"><testcase classname="test_simple.TestPepperFunctionality" name="test_01_login" time="39.878" /><testcase classname="test_simple.TestPepperFunctionality" name="test_02_navigate_to_home" time="23.787" /><testcase classname="test_simple.TestPepperFunctionality" name="test_03_verify_navigation_menu" time="23.188" /><testcase classname="test_simple.TestPepperFunctionality" name="test_04_verify_cart_accessibility" time="43.395" /></testsuite></testsuites>